<?xml version="1.0" encoding="UTF-8"?>
<testsuite name="put.poznan.sport.service.coach.CoachImplTest" tests="6" skipped="0" failures="0" errors="0" timestamp="2025-04-23T07:46:03" hostname="DESKTOP-NVIS5CR" time="3.059">
  <properties/>
  <testcase name="updateCoach_ShouldUpdateCoachDetails()" classname="put.poznan.sport.service.coach.CoachImplTest" time="3.009"/>
  <testcase name="deleteCoach_ShouldDeleteCoach()" classname="put.poznan.sport.service.coach.CoachImplTest" time="0.007"/>
  <testcase name="createCoach_ShouldReturnCoachCreateResponse()" classname="put.poznan.sport.service.coach.CoachImplTest" time="0.014"/>
  <testcase name="getCoachById_ShouldThrowException_WhenCoachNotFound()" classname="put.poznan.sport.service.coach.CoachImplTest" time="0.014"/>
  <testcase name="getCoachById_ShouldReturnCoach_WhenCoachExists()" classname="put.poznan.sport.service.coach.CoachImplTest" time="0.004"/>
  <testcase name="getAllCoaches_ShouldReturnListOfCoaches()" classname="put.poznan.sport.service.coach.CoachImplTest" time="0.004"/>
  <system-out><![CDATA[]]></system-out>
  <system-err><![CDATA[]]></system-err>
</testsuite>
