<?xml version="1.0" encoding="UTF-8"?>
<testsuite name="put.poznan.sport.service.sportFacilityNews.SportFacilityNewsImplTest" tests="6" skipped="0" failures="0" errors="0" timestamp="2025-04-02T17:54:53" hostname="DESKTOP-NVIS5CR" time="0.132">
  <properties/>
  <testcase name="deleteFacilityNews_ShouldDeleteNews()" classname="put.poznan.sport.service.sportFacilityNews.SportFacilityNewsImplTest" time="0.11"/>
  <testcase name="updateFacilityNews_ShouldUpdateExistingNews()" classname="put.poznan.sport.service.sportFacilityNews.SportFacilityNewsImplTest" time="0.004"/>
  <testcase name="deleteFacilityNews_ShouldThrowException_WhenNewsNotFound()" classname="put.poznan.sport.service.sportFacilityNews.SportFacilityNewsImplTest" time="0.003"/>
  <testcase name="createFacilityNews_ShouldCreateNewNews()" classname="put.poznan.sport.service.sportFacilityNews.SportFacilityNewsImplTest" time="0.004"/>
  <testcase name="getAllFacilityNews_ShouldReturnListOfNews()" classname="put.poznan.sport.service.sportFacilityNews.SportFacilityNewsImplTest" time="0.003"/>
  <testcase name="getFacilityNewsBySportFacilityId_ShouldReturnNews()" classname="put.poznan.sport.service.sportFacilityNews.SportFacilityNewsImplTest" time="0.003"/>
  <system-out><![CDATA[]]></system-out>
  <system-err><![CDATA[]]></system-err>
</testsuite>
