<?xml version="1.0" encoding="UTF-8"?>
<testsuite name="put.poznan.sport.service.coach.CoachImplTest" tests="6" skipped="0" failures="0" errors="0" timestamp="2025-05-07T08:08:43" hostname="DESKTOP-NVIS5CR" time="0.132">
  <properties/>
  <testcase name="updateCoach_ShouldUpdateCoachDetails()" classname="put.poznan.sport.service.coach.CoachImplTest" time="0.099"/>
  <testcase name="deleteCoach_ShouldDeleteCoach()" classname="put.poznan.sport.service.coach.CoachImplTest" time="0.003"/>
  <testcase name="createCoach_ShouldReturnCoachCreateResponse()" classname="put.poznan.sport.service.coach.CoachImplTest" time="0.006"/>
  <testcase name="getCoachById_ShouldThrowException_WhenCoachNotFound()" classname="put.poznan.sport.service.coach.CoachImplTest" time="0.012"/>
  <testcase name="getCoachById_ShouldReturnCoach_WhenCoachExists()" classname="put.poznan.sport.service.coach.CoachImplTest" time="0.003"/>
  <testcase name="getAllCoaches_ShouldReturnListOfCoaches()" classname="put.poznan.sport.service.coach.CoachImplTest" time="0.003"/>
  <system-out><![CDATA[]]></system-out>
  <system-err><![CDATA[]]></system-err>
</testsuite>
